#
# A fatal error has been detected by the Java Runtime Environment:
#
#  SIGSEGV (0xb) at pc=0x000000010b79a9da, pid=1620, tid=140735291486592
#
# JRE version: 7.0_05-b05
# Java VM: Java HotSpot(TM) 64-Bit Server VM (23.1-b03 mixed mode bsd-amd64 compressed oops)
# Problematic frame:
# V  [libjvm.dylib+0x49a9da]
#
# Failed to write core dump. Core dumps have been disabled. To enable core dumping, try "ulimit -c unlimited" before starting Java again
#
# If you would like to submit a bug report, please visit:
#   http://bugreport.sun.com/bugreport/crash.jsp
#

---------------  T H R E A D  ---------------

Current thread is native thread

siginfo:si_signo=SIGSEGV: si_errno=0, si_code=1 (SEGV_MAPERR), si_addr=0x0000000000000250

Registers:
RAX=0x0000000000000000, RBX=0x0000000000000000, RCX=0x00007fff54a27558, RDX=0x00007f851b893ce0
RSP=0x00007fff54a273c0, RBP=0x00007fff54a273d0, RSI=0x0000000000000006, RDI=0x00007fff54a27460
R8 =0x0000000000012068, R9 =0x00007fff54a27590, R10=0x00007f851e270eb0, R11=0x00007f851e2e1708
R12=0x00007f851c9119d8, R13=0x0000000000000000, R14=0x00007f851b893ce0, R15=0x00007f851bb7afa0
RIP=0x000000010b79a9da, EFLAGS=0x0000000000010246, ERR=0x0000000000000006
  TRAPNO=0x000000000000000e

Top of Stack: (sp=0x00007fff54a273c0)
0x00007fff54a273c0:   00007fff54a27558 00007f851b893ce0
0x00007fff54a273d0:   00007fff54a27490 000000010b59b490
0x00007fff54a273e0:   00007fff54a27438 0000000000000000
0x00007fff54a273f0:   00007fff54a27420 00007fff92b77d16
0x00007fff54a27400:   00007f851e241760 00007f851d088e90
0x00007fff54a27410:   0000000000000000 00007f851ac03b50
0x00007fff54a27420:   00007fff54a27460 00007fff92b9064e
0x00007fff54a27430:   61733545cdbdbb71 00007f851b00b038
0x00007fff54a27440:   00007fff54a275c0 00007f851b90018a
0x00007fff54a27450:   00007f851ac0b260 0000000000000001
0x00007fff54a27460:   0000000000000000 000000018e94aad0
0x00007fff54a27470:   00007fff54a275c0 00007f851b90018a
0x00007fff54a27480:   00007f851c9119d8 0000000000000003
0x00007fff54a27490:   00007fff54a27580 000000016e835c18
0x00007fff54a274a0:   00007fff54a27530 00007f851e23eab0
0x00007fff54a274b0:   0000000000000000 0000000000000000
0x00007fff54a274c0:   0000000000012068 00007fff54a27590
0x00007fff54a274d0:   0000000000000100 00007fff54a2758c
0x00007fff54a274e0:   00007fff54a27570 00007fff946d7826
0x00007fff54a274f0:   00007fff54a27500 00007fff54a27594
0x00007fff54a27500:   00007fff54a27590 0000000000000000
0x00007fff54a27510:   00007f851e2860b0 00007fff54a2758c
0x00007fff54a27520:   00007f851e2860cc 00007f851e2860c8
0x00007fff54a27530:   00007f851e2860d0 0000004000012068
0x00007fff54a27540:   00000000000459c6 00007f851e2860a0
0x00007fff54a27550:   00007fff54a275c0 0000003000000010
0x00007fff54a27560:   00007fff54a27590 00007fff54a274a0
0x00007fff54a27570:   0000000000000000 00007f851e2860b0
0x00007fff54a27580:   00007fff54a275a0 000000018e8e0849
0x00007fff54a27590:   00007fff54a275a0 00007f851e2860a0
0x00007fff54a275a0:   00007fff54a275b0 00007fff8dc519b7
0x00007fff54a275b0:   00007fff54a27650 00007fff8dc51921 

Instructions: (pc=0x000000010b79a9da)
0x000000010b79a9ba:   07 48 83 c4 08 5b 5d c3 31 f6 48 83 c4 08 5b 5d
0x000000010b79a9ca:   e9 0d af fd ff 90 55 48 89 e5 41 56 53 48 8b 1f
0x000000010b79a9da:   c7 83 50 02 00 00 05 00 00 00 48 8d 05 8d 1c 29
0x000000010b79a9ea:   00 83 38 02 7c 37 48 8d 05 11 4b 20 00 80 38 00 

Register to memory mapping:

RAX=0x0000000000000000 is an unknown value
RBX=0x0000000000000000 is an unknown value
RCX=0x00007fff54a27558 is an unknown value
RDX=0x00007f851b893ce0 is a weak global jni handle
RSP=0x00007fff54a273c0 is an unknown value
RBP=0x00007fff54a273d0 is an unknown value
RSI=0x0000000000000006 is an unknown value
RDI=0x00007fff54a27460 is an unknown value
R8 =0x0000000000012068 is an unknown value
R9 =0x00007fff54a27590 is an unknown value
R10=0x00007f851e270eb0 is an unknown value
R11=0x00007f851e2e1708 is an unknown value
R12=0x00007f851c9119d8 is an unknown value
R13=0x0000000000000000 is an unknown value
R14=0x00007f851b893ce0 is a weak global jni handle
R15=0x00007f851bb7afa0 is a global jni handle


Stack: [0x00007fff5422a000,0x00007fff54a2a000],  sp=0x00007fff54a273c0,  free space=8180k
Native frames: (J=compiled Java code, j=interpreted, Vv=VM code, C=native code)
V  [libjvm.dylib+0x49a9da]
V  [libjvm.dylib+0x29b490]
C  [JavaNativeFoundation+0x3c18]  JNFCallStaticVoidMethod+0xae
C  [liblwawt.dylib+0xd849]  setBusy+0x79
C  [CoreFoundation+0x599b7]  __CFRUNLOOP_IS_CALLING_OUT_TO_AN_OBSERVER_CALLBACK_FUNCTION__+0x17
C  [CoreFoundation+0x59921]  __CFRunLoopDoObservers+0x171
C  [CoreFoundation+0x34e51]  __CFRunLoopRun+0x3a1
C  [CoreFoundation+0x346b2]  CFRunLoopRunSpecific+0x122
C  [java+0x74bc]  CreateExecutionEnvironment+0x367
C  [java+0x1cac]  JLI_Launch+0x7a0
C  [java+0x7819]  main+0x65
C  [java+0x1504]  start+0x34


---------------  P R O C E S S  ---------------

VM state:not at safepoint (normal execution)

VM Mutex/Monitor currently owned by a thread: None

Heap
 PSYoungGen      total 116416K, used 80820K [0x000000014cbb0000, 0x000000015b930000, 0x0000000169050000)
  eden space 115328K, 69% used [0x000000014cbb0000,0x0000000151995108,0x0000000153c50000)
  from space 1088K, 97% used [0x000000015ab20000,0x000000015ac28020,0x000000015ac30000)
  to   space 9664K, 0% used [0x000000015afc0000,0x000000015afc0000,0x000000015b930000)
 ParOldGen       total 57984K, used 23664K [0x0000000114250000, 0x0000000117af0000, 0x000000014cbb0000)
  object space 57984K, 40% used [0x0000000114250000,0x000000011596c2d0,0x0000000117af0000)
 PSPermGen       total 28736K, used 28592K [0x000000010f050000, 0x0000000110c60000, 0x0000000114250000)
  object space 28736K, 99% used [0x000000010f050000,0x0000000110c3c340,0x0000000110c60000)

Code Cache  [0x000000010bf76000, 0x000000010c2c6000, 0x000000010ef76000)
 total_blobs=1895 nmethods=1265 adapters=580 free_code_cache=45827Kb largest_free_block=46880768

Compilation events (10 events):
Event: 320.671 Thread 0x00007f851b023800 1353  s          com.sun.javafx.geom.Path2D::getBounds (134 bytes)
Event: 320.676 Thread 0x00007f851b023800 nmethod 1353 0x000000010c0532d0 code [0x000000010c053420, 0x000000010c053a78]
Event: 320.690 Thread 0x00007f851b021800 1354             com.sun.javafx.css.StyleHelper$StyleCacheKey::getIndices (44 bytes)
Event: 320.698 Thread 0x00007f851b021800 nmethod 1354 0x000000010c1d0b10 code [0x000000010c1d0d20, 0x000000010c1d14e0]
Event: 321.076 Thread 0x00007f851b023800 1355             javafx.scene.Parent::impl_geomChanged (10 bytes)
Event: 321.081 Thread 0x00007f851b023800 nmethod 1355 0x000000010c052690 code [0x000000010c052840, 0x000000010c052c08]
Event: 321.220 Thread 0x00007f851b021800 1356             com.sun.javafx.event.EventDispatchChainImpl::reset (44 bytes)
Event: 321.222 Thread 0x00007f851b021800 nmethod 1356 0x000000010c14bb50 code [0x000000010c14bc80, 0x000000010c14bd98]
Event: 321.472 Thread 0x00007f851b023800 1357             com.sun.javafx.event.CompositeEventDispatcher::dispatchBubblingEvent (35 bytes)
Event: 321.474 Thread 0x00007f851b023800 nmethod 1357 0x000000010c1d2290 code [0x000000010c1d23e0, 0x000000010c1d24b8]

GC Heap History (10 events):
Event: 32.207 GC heap before
{Heap before GC invocations=13 (full 0):
 PSYoungGen      total 146816K, used 146812K [0x000000014cbb0000, 0x000000015cfd0000, 0x0000000169050000)
  eden space 143360K, 100% used [0x000000014cbb0000,0x00000001557b0000,0x00000001557b0000)
  from space 3456K, 99% used [0x000000015cc70000,0x000000015cfcf018,0x000000015cfd0000)
  to   space 10240K, 0% used [0x000000015bbd0000,0x000000015bbd0000,0x000000015c5d0000)
 ParOldGen       total 57984K, used 16631K [0x0000000114250000, 0x0000000117af0000, 0x000000014cbb0000)
  object space 57984K, 28% used [0x0000000114250000,0x000000011528df90,0x0000000117af0000)
 PSPermGen       total 27392K, used 27264K [0x000000010f050000, 0x0000000110b10000, 0x0000000114250000)
  object space 27392K, 99% used [0x000000010f050000,0x0000000110af0320,0x0000000110b10000)
Event: 32.210 GC heap after
Heap after GC invocations=13 (full 0):
 PSYoungGen      total 138624K, used 1468K [0x000000014cbb0000, 0x000000015cc80000, 0x0000000169050000)
  eden space 137152K, 0% used [0x000000014cbb0000,0x000000014cbb0000,0x00000001551a0000)
  from space 1472K, 99% used [0x000000015bbd0000,0x000000015bd3f018,0x000000015bd40000)
  to   space 10112K, 0% used [0x000000015c2a0000,0x000000015c2a0000,0x000000015cc80000)
 ParOldGen       total 57984K, used 17047K [0x0000000114250000, 0x0000000117af0000, 0x000000014cbb0000)
  object space 57984K, 29% used [0x0000000114250000,0x00000001152f5f90,0x0000000117af0000)
 PSPermGen       total 27392K, used 27264K [0x000000010f050000, 0x0000000110b10000, 0x0000000114250000)
  object space 27392K, 99% used [0x000000010f050000,0x0000000110af0320,0x0000000110b10000)
}
Event: 32.888 GC heap before
{Heap before GC invocations=14 (full 0):
 PSYoungGen      total 138624K, used 138620K [0x000000014cbb0000, 0x000000015cc80000, 0x0000000169050000)
  eden space 137152K, 100% used [0x000000014cbb0000,0x00000001551a0000,0x00000001551a0000)
  from space 1472K, 99% used [0x000000015bbd0000,0x000000015bd3f018,0x000000015bd40000)
  to   space 10112K, 0% used [0x000000015c2a0000,0x000000015c2a0000,0x000000015cc80000)
 ParOldGen       total 57984K, used 17047K [0x0000000114250000, 0x0000000117af0000, 0x000000014cbb0000)
  object space 57984K, 29% used [0x0000000114250000,0x00000001152f5f90,0x0000000117af0000)
 PSPermGen       total 27392K, used 27267K [0x000000010f050000, 0x0000000110b10000, 0x0000000114250000)
  object space 27392K, 99% used [0x000000010f050000,0x0000000110af0d48,0x0000000110b10000)
Event: 32.890 GC heap after
Heap after GC invocations=14 (full 0):
 PSYoungGen      total 132992K, used 1724K [0x000000014cbb0000, 0x000000015c450000, 0x0000000169050000)
  eden space 131264K, 0% used [0x000000014cbb0000,0x000000014cbb0000,0x0000000154be0000)
  from space 1728K, 99% used [0x000000015c2a0000,0x000000015c44f018,0x000000015c450000)
  to   space 9920K, 0% used [0x000000015b0f0000,0x000000015b0f0000,0x000000015baa0000)
 ParOldGen       total 57984K, used 17655K [0x0000000114250000, 0x0000000117af0000, 0x000000014cbb0000)
  object space 57984K, 30% used [0x0000000114250000,0x000000011538df90,0x0000000117af0000)
 PSPermGen       total 27392K, used 27267K [0x000000010f050000, 0x0000000110b10000, 0x0000000114250000)
  object space 27392K, 99% used [0x000000010f050000,0x0000000110af0d48,0x0000000110b10000)
}
Event: 33.543 GC heap before
{Heap before GC invocations=15 (full 0):
 PSYoungGen      total 132992K, used 132988K [0x000000014cbb0000, 0x000000015c450000, 0x0000000169050000)
  eden space 131264K, 100% used [0x000000014cbb0000,0x0000000154be0000,0x0000000154be0000)
  from space 1728K, 99% used [0x000000015c2a0000,0x000000015c44f018,0x000000015c450000)
  to   space 9920K, 0% used [0x000000015b0f0000,0x000000015b0f0000,0x000000015baa0000)
 ParOldGen       total 57984K, used 17655K [0x0000000114250000, 0x0000000117af0000, 0x000000014cbb0000)
  object space 57984K, 30% used [0x0000000114250000,0x000000011538df90,0x0000000117af0000)
 PSPermGen       total 27392K, used 27268K [0x000000010f050000, 0x0000000110b10000, 0x0000000114250000)
  object space 27392K, 99% used [0x000000010f050000,0x0000000110af11f0,0x0000000110b10000)
Event: 33.545 GC heap after
Heap after GC invocations=15 (full 0):
 PSYoungGen      total 126656K, used 956K [0x000000014cbb0000, 0x000000015c2b0000, 0x0000000169050000)
  eden space 125696K, 0% used [0x000000014cbb0000,0x000000014cbb0000,0x0000000154670000)
  from space 960K, 99% used [0x000000015b0f0000,0x000000015b1df030,0x000000015b1e0000)
  to   space 9792K, 0% used [0x000000015b920000,0x000000015b920000,0x000000015c2b0000)
 ParOldGen       total 57984K, used 18031K [0x0000000114250000, 0x0000000117af0000, 0x000000014cbb0000)
  object space 57984K, 31% used [0x0000000114250000,0x00000001153ebf90,0x0000000117af0000)
 PSPermGen       total 27392K, used 27268K [0x000000010f050000, 0x0000000110b10000, 0x0000000114250000)
  object space 27392K, 99% used [0x000000010f050000,0x0000000110af11f0,0x0000000110b10000)
}
Event: 37.242 GC heap before
{Heap before GC invocations=16 (full 0):
 PSYoungGen      total 126656K, used 126652K [0x000000014cbb0000, 0x000000015c2b0000, 0x0000000169050000)
  eden space 125696K, 100% used [0x000000014cbb0000,0x0000000154670000,0x0000000154670000)
  from space 960K, 99% used [0x000000015b0f0000,0x000000015b1df030,0x000000015b1e0000)
  to   space 9792K, 0% used [0x000000015b920000,0x000000015b920000,0x000000015c2b0000)
 ParOldGen       total 57984K, used 18031K [0x0000000114250000, 0x0000000117af0000, 0x000000014cbb0000)
  object space 57984K, 31% used [0x0000000114250000,0x00000001153ebf90,0x0000000117af0000)
 PSPermGen       total 28352K, used 28192K [0x000000010f050000, 0x0000000110c00000, 0x0000000114250000)
  object space 28352K, 99% used [0x000000010f050000,0x0000000110bd80b0,0x0000000110c00000)
Event: 37.248 GC heap after
Heap after GC invocations=16 (full 0):
 PSYoungGen      total 125760K, used 5336K [0x000000014cbb0000, 0x000000015be60000, 0x0000000169050000)
  eden space 120384K, 0% used [0x000000014cbb0000,0x000000014cbb0000,0x0000000154140000)
  from space 5376K, 99% used [0x000000015b920000,0x000000015be56040,0x000000015be60000)
  to   space 9856K, 0% used [0x000000015ab20000,0x000000015ab20000,0x000000015b4c0000)
 ParOldGen       total 57984K, used 18399K [0x0000000114250000, 0x0000000117af0000, 0x000000014cbb0000)
  object space 57984K, 31% used [0x0000000114250000,0x0000000115447f90,0x0000000117af0000)
 PSPermGen       total 28352K, used 28192K [0x000000010f050000, 0x0000000110c00000, 0x0000000114250000)
  object space 28352K, 99% used [0x000000010f050000,0x0000000110bd80b0,0x0000000110c00000)
}
Event: 37.655 GC heap before
{Heap before GC invocations=17 (full 0):
 PSYoungGen      total 125760K, used 125720K [0x000000014cbb0000, 0x000000015be60000, 0x0000000169050000)
  eden space 120384K, 100% used [0x000000014cbb0000,0x0000000154140000,0x0000000154140000)
  from space 5376K, 99% used [0x000000015b920000,0x000000015be56040,0x000000015be60000)
  to   space 9856K, 0% used [0x000000015ab20000,0x000000015ab20000,0x000000015b4c0000)
 ParOldGen       total 57984K, used 18399K [0x0000000114250000, 0x0000000117af0000, 0x000000014cbb0000)
  object space 57984K, 31% used [0x0000000114250000,0x0000000115447f90,0x0000000117af0000)
 PSPermGen       total 28544K, used 28363K [0x000000010f050000, 0x0000000110c30000, 0x0000000114250000)
  object space 28544K, 99% used [0x000000010f050000,0x0000000110c02d48,0x0000000110c30000)
Event: 37.665 GC heap after
Heap after GC invocations=17 (full 0):
 PSYoungGen      total 116416K, used 1056K [0x000000014cbb0000, 0x000000015b930000, 0x0000000169050000)
  eden space 115328K, 0% used [0x000000014cbb0000,0x000000014cbb0000,0x0000000153c50000)
  from space 1088K, 97% used [0x000000015ab20000,0x000000015ac28020,0x000000015ac30000)
  to   space 9664K, 0% used [0x000000015afc0000,0x000000015afc0000,0x000000015b930000)
 ParOldGen       total 57984K, used 23664K [0x0000000114250000, 0x0000000117af0000, 0x000000014cbb0000)
  object space 57984K, 40% used [0x0000000114250000,0x000000011596c2d0,0x0000000117af0000)
 PSPermGen       total 28544K, used 28363K [0x000000010f050000, 0x0000000110c30000, 0x0000000114250000)
  object space 28544K, 99% used [0x000000010f050000,0x0000000110c02d48,0x0000000110c30000)
}

Deoptimization events (10 events):
Event: 38.022 Thread 0x00007f851c0c0800 Uncommon trap -34 fr.pc 0x000000010c11c2ac
Event: 39.093 Thread 0x00007f851c911800 Uncommon trap -34 fr.pc 0x000000010c0cc46c
Event: 39.093 Thread 0x00007f851c911800 Uncommon trap -83 fr.pc 0x000000010c117bf0
Event: 39.103 Thread 0x00007f851c0c0800 Uncommon trap -34 fr.pc 0x000000010c11c2ac
Event: 320.662 Thread 0x00007f851c911800 Uncommon trap -34 fr.pc 0x000000010c1cf514
Event: 320.687 Thread 0x00007f851c911800 Uncommon trap -34 fr.pc 0x000000010c2a8328
Event: 320.708 Thread 0x00007f851c911800 Uncommon trap -34 fr.pc 0x000000010c2a8328
Event: 320.724 Thread 0x00007f851c911800 Uncommon trap -34 fr.pc 0x000000010c2a8328
Event: 320.741 Thread 0x00007f851c911800 Uncommon trap -34 fr.pc 0x000000010c2a8328
Event: 321.476 Thread 0x00007f851c911800 Uncommon trap -34 fr.pc 0x000000010c1cf514

Internal exceptions (10 events):
Event: 37.923 Thread 0x00007f851c911800 Threw 0x0000000150dd5a68 at /HUDSON/workspace/jdk7u5-2-build-macosx-amd64-product/jdk7u5/hotspot/src/share/vm/prims/jvm.cpp:1166
Event: 37.926 Thread 0x00007f851c911800 Threw 0x0000000150e0f970 at /HUDSON/workspace/jdk7u5-2-build-macosx-amd64-product/jdk7u5/hotspot/src/share/vm/prims/jvm.cpp:1166
Event: 37.927 Thread 0x00007f851c911800 Threw 0x0000000150e11c50 at /HUDSON/workspace/jdk7u5-2-build-macosx-amd64-product/jdk7u5/hotspot/src/share/vm/prims/jvm.cpp:1166
Event: 37.931 Thread 0x00007f851c911800 Threw 0x0000000150e16800 at /HUDSON/workspace/jdk7u5-2-build-macosx-amd64-product/jdk7u5/hotspot/src/share/vm/prims/jni.cpp:715
Event: 321.472 Thread 0x00007f851d107000 Threw 0x0000000151693c68 at /HUDSON/workspace/jdk7u5-2-build-macosx-amd64-product/jdk7u5/hotspot/src/share/vm/prims/jvm.cpp:1166
Event: 321.475 Thread 0x00007f851d107000 Threw 0x000000015169a0f0 at /HUDSON/workspace/jdk7u5-2-build-macosx-amd64-product/jdk7u5/hotspot/src/share/vm/prims/jvm.cpp:1166
Event: 321.475 Thread 0x00007f851d107000 Threw 0x000000015169fa28 at /HUDSON/workspace/jdk7u5-2-build-macosx-amd64-product/jdk7u5/hotspot/src/share/vm/prims/jvm.cpp:1166
Event: 321.475 Thread 0x00007f851d107000 Threw 0x00000001516a4e70 at /HUDSON/workspace/jdk7u5-2-build-macosx-amd64-product/jdk7u5/hotspot/src/share/vm/prims/jvm.cpp:1166
Event: 321.476 Thread 0x00007f851c911800 Threw 0x000000015167db38 at /HUDSON/workspace/jdk7u5-2-build-macosx-amd64-product/jdk7u5/hotspot/src/share/vm/prims/jvm.cpp:1166
Event: 321.484 Thread 0x00007f851c911800 Threw 0x0000000151685b08 at /HUDSON/workspace/jdk7u5-2-build-macosx-amd64-product/jdk7u5/hotspot/src/share/vm/prims/jvm.cpp:1166

Events (10 events):
Event: 321.484 Thread 0x00007f851d107000 Thread exited: 0x00007f851d107000
Event: 321.484 loading class 0x00007f851b81e0f0
Event: 321.484 loading class 0x00007f851bb53f90
Event: 321.484 loading class 0x00007f851bb53f90 done
Event: 321.484 loading class 0x00007f851b81e0f0 done
Event: 321.484 loading class 0x00007f851b81e0c0
Event: 321.485 loading class 0x00007f851b81e0c0 done
Event: 321.485 Thread 0x00007f851c001000 Thread exited: 0x00007f851c001000
Event: 321.485 Thread 0x00007f85202d8000 Thread added: 0x00007f85202d8000
Event: 321.488 Thread 0x00007f851c911800 Thread exited: 0x00007f851c911800


Dynamic libraries:
0x000000000bd52000 	/System/Library/Frameworks/Cocoa.framework/Versions/A/Cocoa
0x000000000bd52000 	/System/Library/Frameworks/Security.framework/Versions/A/Security
0x000000000bd52000 	/System/Library/Frameworks/ApplicationServices.framework/Versions/A/ApplicationServices
0x000000000bd52000 	/usr/lib/libz.1.dylib
0x000000000bd52000 	/usr/lib/libSystem.B.dylib
0x000000000bd52000 	/usr/lib/libobjc.A.dylib
0x000000000bd52000 	/System/Library/Frameworks/CoreFoundation.framework/Versions/A/CoreFoundation
0x000000000bd52000 	/System/Library/Frameworks/AppKit.framework/Versions/C/AppKit
0x000000000bd52000 	/System/Library/Frameworks/CoreData.framework/Versions/A/CoreData
0x000000000bd52000 	/System/Library/Frameworks/Foundation.framework/Versions/C/Foundation
0x000000000bd52000 	/System/Library/PrivateFrameworks/RemoteViewServices.framework/Versions/A/RemoteViewServices
0x000000000bd52000 	/System/Library/Frameworks/AudioToolbox.framework/Versions/A/AudioToolbox
0x000000000bd52000 	/System/Library/Frameworks/AudioUnit.framework/Versions/A/AudioUnit
0x000000000bd52000 	/System/Library/PrivateFrameworks/DataDetectorsCore.framework/Versions/A/DataDetectorsCore
0x000000000bd52000 	/System/Library/PrivateFrameworks/DesktopServicesPriv.framework/Versions/A/DesktopServicesPriv
0x000000000bd52000 	/System/Library/Frameworks/Carbon.framework/Versions/A/Frameworks/HIToolbox.framework/Versions/A/HIToolbox
0x000000000bd52000 	/System/Library/Frameworks/QuartzCore.framework/Versions/A/QuartzCore
0x000000000bd52000 	/System/Library/Frameworks/Carbon.framework/Versions/A/Frameworks/SpeechRecognition.framework/Versions/A/SpeechRecognition
0x000000000bd52000 	/usr/lib/libauto.dylib
0x000000000bd52000 	/usr/lib/libicucore.A.dylib
0x000000000bd52000 	/usr/lib/libxml2.2.dylib
0x000000000bd52000 	/System/Library/PrivateFrameworks/CoreUI.framework/Versions/A/CoreUI
0x000000000bd52000 	/System/Library/Frameworks/CoreAudio.framework/Versions/A/CoreAudio
0x000000000bd52000 	/System/Library/Frameworks/DiskArbitration.framework/Versions/A/DiskArbitration
0x000000000bd52000 	/usr/lib/liblangid.dylib
0x000000000bd52000 	/System/Library/PrivateFrameworks/MultitouchSupport.framework/Versions/A/MultitouchSupport
0x000000000bd52000 	/System/Library/Frameworks/IOKit.framework/Versions/A/IOKit
0x000000000bd52000 	/usr/lib/libDiagnosticMessagesClient.dylib
0x000000000bd52000 	/System/Library/Frameworks/CoreServices.framework/Versions/A/CoreServices
0x000000000bd52000 	/System/Library/PrivateFrameworks/PerformanceAnalysis.framework/Versions/A/PerformanceAnalysis
0x000000000bd52000 	/System/Library/PrivateFrameworks/GenerationalStorage.framework/Versions/A/GenerationalStorage
0x000000000bd52000 	/System/Library/Frameworks/OpenGL.framework/Versions/A/OpenGL
0x000000000bd52000 	/System/Library/Frameworks/CoreText.framework/Versions/A/CoreText
0x000000000bd52000 	/System/Library/Frameworks/ImageIO.framework/Versions/A/ImageIO
0x000000000bd52000 	/System/Library/PrivateFrameworks/Backup.framework/Versions/A/Backup
0x000000000bd52000 	/System/Library/Frameworks/CFNetwork.framework/Versions/A/CFNetwork
0x000000000bd52000 	/System/Library/Frameworks/SystemConfiguration.framework/Versions/A/SystemConfiguration
0x000000000bd52000 	/usr/lib/libCRFSuite.dylib
0x000000000bd52000 	/System/Library/PrivateFrameworks/TCC.framework/Versions/A/TCC
0x000000000bd52000 	/usr/lib/libc++.1.dylib
0x000000000bd52000 	/usr/lib/libc++abi.dylib
0x000000000bd52000 	/usr/lib/system/libcache.dylib
0x000000000bd52000 	/usr/lib/system/libcommonCrypto.dylib
0x000000000bd52000 	/usr/lib/system/libcompiler_rt.dylib
0x000000000bd52000 	/usr/lib/system/libcopyfile.dylib
0x000000000bd52000 	/usr/lib/system/libdispatch.dylib
0x000000000bd52000 	/usr/lib/system/libdnsinfo.dylib
0x000000000bd52000 	/usr/lib/system/libdyld.dylib
0x000000000bd52000 	/usr/lib/system/libkeymgr.dylib
0x000000000bd52000 	/usr/lib/system/liblaunch.dylib
0x000000000bd52000 	/usr/lib/system/libmacho.dylib
0x000000000bd52000 	/usr/lib/system/libquarantine.dylib
0x000000000bd52000 	/usr/lib/system/libremovefile.dylib
0x000000000bd52000 	/usr/lib/system/libsystem_blocks.dylib
0x000000000bd52000 	/usr/lib/system/libsystem_c.dylib
0x000000000bd52000 	/usr/lib/system/libsystem_dnssd.dylib
0x000000000bd52000 	/usr/lib/system/libsystem_info.dylib
0x000000000bd52000 	/usr/lib/system/libsystem_kernel.dylib
0x000000000bd52000 	/usr/lib/system/libsystem_m.dylib
0x000000000bd52000 	/usr/lib/system/libsystem_network.dylib
0x000000000bd52000 	/usr/lib/system/libsystem_notify.dylib
0x000000000bd52000 	/usr/lib/system/libsystem_sandbox.dylib
0x000000000bd52000 	/usr/lib/system/libunc.dylib
0x000000000bd52000 	/usr/lib/system/libunwind.dylib
0x000000000bd52000 	/usr/lib/system/libxpc.dylib
0x000000000bd52000 	/usr/lib/system/libcorecrypto.dylib
0x000000000bd52000 	/usr/lib/libstdc++.6.dylib
0x000000000bd52000 	/usr/lib/libbsm.0.dylib
0x000000000bd52000 	/usr/lib/libsqlite3.dylib
0x000000000bd52000 	/usr/lib/libxar.1.dylib
0x000000000bd52000 	/usr/lib/libpam.2.dylib
0x000000000bd52000 	/usr/lib/libOpenScriptingUtil.dylib
0x000000000bd52000 	/usr/lib/libbz2.1.0.dylib
0x000000000bd52000 	/System/Library/Frameworks/CoreServices.framework/Versions/A/Frameworks/CarbonCore.framework/Versions/A/CarbonCore
0x000000000bd52000 	/System/Library/Frameworks/CoreServices.framework/Versions/A/Frameworks/Metadata.framework/Versions/A/Metadata
0x000000000bd52000 	/System/Library/Frameworks/CoreServices.framework/Versions/A/Frameworks/OSServices.framework/Versions/A/OSServices
0x000000000bd52000 	/System/Library/Frameworks/CoreServices.framework/Versions/A/Frameworks/SearchKit.framework/Versions/A/SearchKit
0x000000000bd52000 	/System/Library/Frameworks/CoreServices.framework/Versions/A/Frameworks/AE.framework/Versions/A/AE
0x000000000bd52000 	/System/Library/Frameworks/CoreServices.framework/Versions/A/Frameworks/LaunchServices.framework/Versions/A/LaunchServices
0x000000000bd52000 	/System/Library/Frameworks/CoreServices.framework/Versions/A/Frameworks/DictionaryServices.framework/Versions/A/DictionaryServices
0x000000000bd52000 	/System/Library/Frameworks/NetFS.framework/Versions/A/NetFS
0x000000000bd52000 	/usr/lib/system/libkxld.dylib
0x000000000bd52000 	/System/Library/PrivateFrameworks/NetAuth.framework/Versions/A/NetAuth
0x000000000bd52000 	/System/Library/Frameworks/OpenDirectory.framework/Versions/A/Frameworks/CFOpenDirectory.framework/Versions/A/CFOpenDirectory
0x000000000bd52000 	/usr/lib/libxslt.1.dylib
0x000000000bd52000 	/System/Library/PrivateFrameworks/FamilyControls.framework/Versions/A/FamilyControls
0x000000000bd52000 	/System/Library/Frameworks/Carbon.framework/Versions/A/Frameworks/Ink.framework/Versions/A/Ink
0x000000000bd52000 	/System/Library/Frameworks/ApplicationServices.framework/Versions/A/Frameworks/CoreGraphics.framework/Versions/A/CoreGraphics
0x000000000bd52000 	/System/Library/Frameworks/ApplicationServices.framework/Versions/A/Frameworks/ATS.framework/Versions/A/ATS
0x000000000bd52000 	/System/Library/Frameworks/ApplicationServices.framework/Versions/A/Frameworks/ColorSync.framework/Versions/A/ColorSync
0x000000000bd52000 	/System/Library/Frameworks/ApplicationServices.framework/Versions/A/Frameworks/HIServices.framework/Versions/A/HIServices
0x000000000bd52000 	/System/Library/Frameworks/ApplicationServices.framework/Versions/A/Frameworks/LangAnalysis.framework/Versions/A/LangAnalysis
0x000000000bd52000 	/System/Library/Frameworks/ApplicationServices.framework/Versions/A/Frameworks/PrintCore.framework/Versions/A/PrintCore
0x000000000bd52000 	/System/Library/Frameworks/ApplicationServices.framework/Versions/A/Frameworks/QD.framework/Versions/A/QD
0x000000000bd52000 	/System/Library/Frameworks/ApplicationServices.framework/Versions/A/Frameworks/SpeechSynthesis.framework/Versions/A/SpeechSynthesis
0x000000000bd52000 	/System/Library/Frameworks/IOSurface.framework/Versions/A/IOSurface
0x000000000bd52000 	/System/Library/Frameworks/Accelerate.framework/Versions/A/Accelerate
0x000000000bd52000 	/System/Library/Frameworks/ApplicationServices.framework/Versions/A/Frameworks/ATS.framework/Versions/A/Resources/libFontParser.dylib
0x000000000bd52000 	/System/Library/Frameworks/ApplicationServices.framework/Versions/A/Frameworks/ATS.framework/Versions/A/Resources/libFontRegistry.dylib
0x000000000bd52000 	/System/Library/Frameworks/Accelerate.framework/Versions/A/Frameworks/vImage.framework/Versions/A/vImage
0x000000000bd52000 	/System/Library/Frameworks/Accelerate.framework/Versions/A/Frameworks/vecLib.framework/Versions/A/vecLib
0x000000000bd52000 	/System/Library/Frameworks/Accelerate.framework/Versions/A/Frameworks/vecLib.framework/Versions/A/libvDSP.dylib
0x000000000bd52000 	/System/Library/Frameworks/Accelerate.framework/Versions/A/Frameworks/vecLib.framework/Versions/A/libvMisc.dylib
0x000000000bd52000 	/System/Library/Frameworks/Accelerate.framework/Versions/A/Frameworks/vecLib.framework/Versions/A/libLAPACK.dylib
0x000000000bd52000 	/System/Library/Frameworks/Accelerate.framework/Versions/A/Frameworks/vecLib.framework/Versions/A/libBLAS.dylib
0x000000000bd52000 	/System/Library/Frameworks/ImageIO.framework/Versions/A/Resources/libJPEG.dylib
0x000000000bd52000 	/System/Library/Frameworks/ImageIO.framework/Versions/A/Resources/libTIFF.dylib
0x000000000bd52000 	/System/Library/Frameworks/ImageIO.framework/Versions/A/Resources/libPng.dylib
0x000000000bd52000 	/System/Library/Frameworks/ImageIO.framework/Versions/A/Resources/libGIF.dylib
0x000000000bd52000 	/System/Library/Frameworks/ImageIO.framework/Versions/A/Resources/libJP2.dylib
0x000000000bd52000 	/System/Library/Frameworks/ImageIO.framework/Versions/A/Resources/libRadiance.dylib
0x000000000bd52000 	/usr/lib/libcups.2.dylib
0x000000000bd52000 	/System/Library/Frameworks/Kerberos.framework/Versions/A/Kerberos
0x000000000bd52000 	/System/Library/Frameworks/GSS.framework/Versions/A/GSS
0x000000000bd52000 	/usr/lib/libresolv.9.dylib
0x000000000bd52000 	/usr/lib/libiconv.2.dylib
0x000000000bd52000 	/System/Library/PrivateFrameworks/Heimdal.framework/Versions/A/Heimdal
0x000000000bd52000 	/System/Library/PrivateFrameworks/TrustEvaluationAgent.framework/Versions/A/TrustEvaluationAgent
0x000000000bd52000 	/System/Library/Frameworks/OpenDirectory.framework/Versions/A/OpenDirectory
0x000000000bd52000 	/System/Library/PrivateFrameworks/CommonAuth.framework/Versions/A/CommonAuth
0x000000000bd52000 	/System/Library/PrivateFrameworks/Bom.framework/Versions/A/Bom
0x000000000bd52000 	/System/Library/Frameworks/CoreVideo.framework/Versions/A/CoreVideo
0x000000000bd52000 	/System/Library/Frameworks/QuartzCore.framework/Versions/A/Frameworks/CoreImage.framework/Versions/A/CoreImage
0x000000000bd52000 	/System/Library/Frameworks/QuartzCore.framework/Versions/A/Frameworks/ScalableUserInterface.framework/Versions/A/ScalableUserInterface
0x000000000bd52000 	/System/Library/Frameworks/OpenGL.framework/Versions/A/Libraries/libGLU.dylib
0x000000000bd52000 	/System/Library/Frameworks/OpenGL.framework/Versions/A/Libraries/libGFXShared.dylib
0x000000000bd52000 	/System/Library/Frameworks/OpenGL.framework/Versions/A/Libraries/libGL.dylib
0x000000000bd52000 	/System/Library/Frameworks/OpenGL.framework/Versions/A/Libraries/libGLImage.dylib
0x000000000bd52000 	/System/Library/Frameworks/OpenGL.framework/Versions/A/Libraries/libCVMSPluginSupport.dylib
0x000000000bd52000 	/System/Library/Frameworks/OpenGL.framework/Versions/A/Libraries/libCoreVMClient.dylib
0x000000000bd52000 	/System/Library/PrivateFrameworks/CrashReporterSupport.framework/Versions/A/CrashReporterSupport
0x000000000bd52000 	/System/Library/Frameworks/OpenCL.framework/Versions/A/OpenCL
0x000000000bd52000 	/System/Library/PrivateFrameworks/FaceCoreLight.framework/Versions/A/FaceCoreLight
0x000000000bd52000 	/System/Library/PrivateFrameworks/AppleFSCompression.framework/Versions/A/AppleFSCompression
0x000000000bd52000 	/System/Library/PrivateFrameworks/Ubiquity.framework/Versions/A/Ubiquity
0x000000000bd52000 	/System/Library/Frameworks/ServiceManagement.framework/Versions/A/ServiceManagement
0x000000000bd52000 	/System/Library/PrivateFrameworks/ChunkingLibrary.framework/Versions/A/ChunkingLibrary
0x000000000bd52000 	/System/Library/Frameworks/vecLib.framework/Versions/A/vecLib
0x000000000bd52000 	/System/Library/Frameworks/SecurityFoundation.framework/Versions/A/SecurityFoundation
0x000000000bd52000 	/System/Library/PrivateFrameworks/CommerceKit.framework/Versions/A/Frameworks/CommerceCore.framework/Versions/A/CommerceCore
0x000000000bd52000 	/System/Library/PrivateFrameworks/CoreSymbolication.framework/Versions/A/CoreSymbolication
0x000000000bd52000 	/System/Library/PrivateFrameworks/Symbolication.framework/Versions/A/Symbolication
0x000000000bd52000 	/System/Library/PrivateFrameworks/DebugSymbols.framework/Versions/A/DebugSymbols
0x000000010b300000 	/Library/Java/JavaVirtualMachines/1.7.0.jdk/Contents/Home/jre/lib/server/libjvm.dylib
0x000000010bea3000 	/Library/Java/JavaVirtualMachines/1.7.0.jdk/Contents/Home/jre/lib/libverify.dylib
0x000000010beb0000 	/Library/Java/JavaVirtualMachines/1.7.0.jdk/Contents/Home/jre/lib/libjava.dylib
0x000000010bf6d000 	/Library/Java/JavaVirtualMachines/1.7.0.jdk/Contents/Home/jre/lib/libzip.dylib
0x000000016e81a000 	/System/Library/Frameworks/JavaVM.framework/Frameworks/JavaRuntimeSupport.framework/JavaRuntimeSupport
0x000000016e832000 	/System/Library/Frameworks/JavaVM.framework/Versions/A/Frameworks/JavaNativeFoundation.framework/Versions/A/JavaNativeFoundation
0x000000016e847000 	/System/Library/Frameworks/JavaVM.framework/Versions/A/JavaVM
0x000000000bd52000 	/System/Library/Frameworks/Carbon.framework/Versions/A/Carbon
0x000000016e854000 	/System/Library/PrivateFrameworks/JavaLaunching.framework/Versions/A/JavaLaunching
0x000000000bd52000 	/System/Library/Frameworks/Carbon.framework/Versions/A/Frameworks/CommonPanels.framework/Versions/A/CommonPanels
0x000000000bd52000 	/System/Library/Frameworks/Carbon.framework/Versions/A/Frameworks/Help.framework/Versions/A/Help
0x000000000bd52000 	/System/Library/Frameworks/Carbon.framework/Versions/A/Frameworks/ImageCapture.framework/Versions/A/ImageCapture
0x000000000bd52000 	/System/Library/Frameworks/Carbon.framework/Versions/A/Frameworks/OpenScripting.framework/Versions/A/OpenScripting
0x000000000bd52000 	/System/Library/Frameworks/Carbon.framework/Versions/A/Frameworks/Print.framework/Versions/A/Print
0x000000000bd52000 	/System/Library/Frameworks/Carbon.framework/Versions/A/Frameworks/SecurityHI.framework/Versions/A/SecurityHI
0x000000016f2bb000 	/Users/James/Desktop/GUV_Analyzer/lib/libprism-es2.dylib
0x000000016f356000 	/System/Library/Frameworks/OpenGL.framework/Resources/GLEngine.bundle/GLEngine
0x000000016f544000 	/System/Library/Frameworks/OpenGL.framework/Versions/A/Libraries/libGLProgrammability.dylib
0x000000016f6ba000 	/System/Library/Extensions/AMDRadeonX3000GLDriver.bundle/Contents/MacOS/AMDRadeonX3000GLDriver
0x000000016f9aa000 	/System/Library/PrivateFrameworks/IOAccelerator.framework/Versions/A/IOAccelerator
0x000000016f9b4000 	/System/Library/PrivateFrameworks/GPUSupport.framework/Versions/A/Libraries/libGPUSupportMercury.dylib
0x000000016fdc9000 	/System/Library/Frameworks/OpenGL.framework/Resources//GLRendererFloat.bundle/GLRendererFloat
0x000000016fdff000 	/System/Library/Frameworks/OpenCL.framework/Versions/A/Libraries/libcldcpuengine.dylib
0x000000000bd52000 	/System/Library/PrivateFrameworks/DiskImages.framework/Versions/A/DiskImages
0x000000016fe0e000 	/System/Library/Frameworks/OpenGL.framework/Versions/A/Libraries/libCoreFSCache.dylib
0x000000000bd52000 	/System/Library/Frameworks/DiscRecording.framework/Versions/A/DiscRecording
0x000000000bd52000 	/usr/lib/libcurl.4.dylib
0x000000000bd52000 	/System/Library/PrivateFrameworks/MediaKit.framework/Versions/A/MediaKit
0x000000000bd52000 	/usr/lib/libssl.0.9.8.dylib
0x000000000bd52000 	/usr/lib/libcrypto.0.9.8.dylib
0x000000000bd52000 	/System/Library/Frameworks/LDAP.framework/Versions/A/LDAP
0x000000000bd52000 	/usr/lib/libsasl2.2.dylib
0x0000000181176000 	/Library/Java/JavaVirtualMachines/1.7.0.jdk/Contents/Home/jre/lib/libglass.dylib
0x000000000bd52000 	/System/Library/PrivateFrameworks/CoreServicesInternal.framework/Versions/A/CoreServicesInternal
0x000000000bd52000 	/System/Library/PrivateFrameworks/Librarian.framework/Versions/A/Librarian
0x000000000bd52000 	/System/Library/CoreServices/RawCamera.bundle/Contents/MacOS/RawCamera
0x000000000bd52000 	/System/Library/Frameworks/ApplicationServices.framework/Versions/A/Frameworks/CoreGraphics.framework/Versions/A/Resources/libCSync.A.dylib
0x000000000bd52000 	/System/Library/Frameworks/ApplicationServices.framework/Versions/A/Frameworks/CoreGraphics.framework/Versions/A/Resources/libRIP.A.dylib
0x0000000181a48000 	/Users/James/Desktop/GUV_Analyzer/lib/libjavafx-font.dylib
0x000000000bd52000 	/System/Library/Frameworks/ApplicationServices.framework/Versions/A/Frameworks/CoreGraphics.framework/Versions/A/Resources/libCGXType.A.dylib
0x000000000bd52000 	/System/Library/PrivateFrameworks/FinderKit.framework/Versions/A/FinderKit
0x000000000bd52000 	/System/Library/PrivateFrameworks/Suggestions.framework/Versions/A/Suggestions
0x000000000bd52000 	/System/Library/Frameworks/Quartz.framework/Versions/A/Frameworks/QuickLookUI.framework/Versions/A/QuickLookUI
0x000000000bd52000 	/System/Library/Frameworks/Quartz.framework/Versions/A/Frameworks/ImageKit.framework/Versions/A/ImageKit
0x000000000bd52000 	/System/Library/PrivateFrameworks/AppleSystemInfo.framework/Versions/A/AppleSystemInfo
0x000000000bd52000 	/System/Library/Frameworks/QuickLook.framework/Versions/A/QuickLook
0x000000000bd52000 	/System/Library/Frameworks/AddressBook.framework/Versions/A/AddressBook
0x000000000bd52000 	/System/Library/Frameworks/DirectoryService.framework/Versions/A/DirectoryService
0x000000000bd52000 	/System/Library/Frameworks/SecurityInterface.framework/Versions/A/SecurityInterface
0x000000000bd52000 	/System/Library/PrivateFrameworks/PhoneNumbers.framework/Versions/A/PhoneNumbers
0x000000000bd52000 	/System/Library/Frameworks/Quartz.framework/Versions/A/Quartz
0x000000000bd52000 	/System/Library/PrivateFrameworks/InternetAccounts.framework/Versions/A/InternetAccounts
0x000000000bd52000 	/System/Library/Frameworks/Quartz.framework/Versions/A/Frameworks/QuartzComposer.framework/Versions/A/QuartzComposer
0x000000000bd52000 	/System/Library/Frameworks/Quartz.framework/Versions/A/Frameworks/PDFKit.framework/Versions/A/PDFKit
0x000000000bd52000 	/System/Library/Frameworks/Quartz.framework/Versions/A/Frameworks/QuartzFilters.framework/Versions/A/QuartzFilters
0x000000000bd52000 	/System/Library/Frameworks/JavaScriptCore.framework/Versions/A/JavaScriptCore
0x000000000bd52000 	/System/Library/Frameworks/QTKit.framework/Versions/A/QTKit
0x000000000bd52000 	/System/Library/Frameworks/CoreMedia.framework/Versions/A/CoreMedia
0x000000000bd52000 	/System/Library/Frameworks/MediaToolbox.framework/Versions/A/MediaToolbox
0x000000000bd52000 	/System/Library/Frameworks/VideoToolbox.framework/Versions/A/VideoToolbox
0x000000000bd52000 	/System/Library/PrivateFrameworks/CoreMediaAuthoring.framework/Versions/A/CoreMediaAuthoring
0x000000000bd52000 	/System/Library/Frameworks/CoreMediaIO.framework/Versions/A/CoreMediaIO
0x000000000bd52000 	/System/Library/PrivateFrameworks/MediaControlSender.framework/Versions/A/MediaControlSender
0x000000000bd52000 	/System/Library/PrivateFrameworks/CoreAVCHD.framework/Versions/A/CoreAVCHD
0x000000000bd52000 	/System/Library/PrivateFrameworks/CoreAUC.framework/Versions/A/CoreAUC
0x000000000bd52000 	/System/Library/PrivateFrameworks/Apple80211.framework/Versions/A/Apple80211
0x000000000bd52000 	/System/Library/Frameworks/CoreWLAN.framework/Versions/A/CoreWLAN
0x000000000bd52000 	/System/Library/Frameworks/CoreWiFi.framework/Versions/A/CoreWiFi
0x000000000bd52000 	/System/Library/PrivateFrameworks/AppleVA.framework/Versions/A/AppleVA
0x000000000bd52000 	/System/Library/PrivateFrameworks/CorePDF.framework/Versions/A/CorePDF
0x000000000bd52000 	/System/Library/PrivateFrameworks/DisplayServices.framework/Versions/A/DisplayServices
0x000000000bd52000 	/System/Library/Frameworks/ImageCaptureCore.framework/Versions/A/ImageCaptureCore
0x000000000bd52000 	/System/Library/Frameworks/PreferencePanes.framework/Versions/A/PreferencePanes
0x000000000bd52000 	/System/Library/PrivateFrameworks/AOSKit.framework/Versions/A/AOSKit
0x000000000bd52000 	/System/Library/PrivateFrameworks/AOSMigrate.framework/Versions/A/AOSMigrate
0x000000000bd52000 	/System/Library/PrivateFrameworks/ISSupport.framework/Versions/A/ISSupport
0x000000000bd52000 	/System/Library/PrivateFrameworks/ApplePushService.framework/Versions/A/ApplePushService
0x0000000181257000 	cl_kernels
0x000000018473f000 	/System/Library/Frameworks/OpenCL.framework/Versions/A/Libraries/ImageFormats/unorm8_bgra.dylib
0x0000000181274000 	cl_kernels
0x00000001812c8000 	cl_kernels
0x000000018d655000 	/System/Library/Frameworks/OpenCL.framework/Versions/A/Libraries/ImageFormats/unorm8_argb.dylib
0x0000000181305000 	cl_kernels
0x000000018171c000 	/System/Library/Frameworks/Security.framework/PlugIns/csparser.bundle/Contents/MacOS/csparser
0x00000001818ce000 	/Library/Java/JavaVirtualMachines/1.7.0.jdk/Contents/Home/jre/lib/libawt.dylib
0x000000018e247000 	/Library/Java/JavaVirtualMachines/1.7.0.jdk/Contents/Home/jre/lib/./libmlib_image.dylib
0x000000018e8d3000 	/Library/Java/JavaVirtualMachines/1.7.0.jdk/Contents/Home/jre/lib/lwawt/liblwawt.dylib
0x000000018143d000 	/Library/Java/JavaVirtualMachines/1.7.0.jdk/Contents/Home/jre/lib/libosxapp.dylib
0x000000018129d000 	/System/Library/Frameworks/ExceptionHandling.framework/Versions/A/ExceptionHandling
0x00000001814ac000 	/Library/Java/JavaVirtualMachines/1.7.0.jdk/Contents/Home/jre/lib/libnio.dylib
0x00000001814ef000 	/Library/Java/JavaVirtualMachines/1.7.0.jdk/Contents/Home/jre/lib/./libnet.dylib

VM Arguments:
jvm_args: -Xbootclasspath/a:/Users/James/.sbt/boot/scala-2.9.2/lib/scala-library.jar:/Users/James/.sbt/boot/scala-2.9.2/lib/scala-compiler.jar:/Users/James/.sbt/boot/scala-2.9.2/lib/jansi.jar:/Users/James/.sbt/boot/scala-2.9.2/lib/jline.jar 
java_command: scala.tools.nsc.MainGenericRunner -classpath /Users/James/Desktop/GUV_Analyzer/target/scala-2.9.2/classes:/Users/James/Desktop/GUV_Analyzer/lib/jfxrt.jar:/Users/James/Desktop/GUV_Analyzer/lib/jfxtras-labs-0.1.jar:/Library/Java/JavaVirtualMachines/1.7.0.jdk/Contents/Home/rt/lib/jfxrt.jar:/Users/James/.sbt/boot/scala-2.9.2/lib/scala-library.jar com.jamesrthompson.Controllers.Launch
Launcher Type: SUN_STANDARD

Environment Variables:
PATH=/usr/bin:/bin:/usr/sbin:/sbin
SHELL=/bin/bash
DISPLAY=/tmp/launch-TTv7Gm/org.macosforge.xquartz:0

Signal Handlers:
SIGSEGV: [libjvm.dylib+0x4a1961], sa_mask[0]=0xfffefeff, sa_flags=0x00000042
SIGBUS: [libjvm.dylib+0x4a1961], sa_mask[0]=0xfffefeff, sa_flags=0x00000042
SIGFPE: [libjvm.dylib+0x3b173d], sa_mask[0]=0xfffefeff, sa_flags=0x00000042
SIGPIPE: [libjvm.dylib+0x3b173d], sa_mask[0]=0xfffefeff, sa_flags=0x00000042
SIGXFSZ: [libjvm.dylib+0x3b173d], sa_mask[0]=0xfffefeff, sa_flags=0x00000042
SIGILL: [libjvm.dylib+0x3b173d], sa_mask[0]=0xfffefeff, sa_flags=0x00000042
SIGUSR1: SIG_DFL, sa_mask[0]=0x00000000, sa_flags=0x00000002
SIGUSR2: [libjvm.dylib+0x3b12ca], sa_mask[0]=0x00000004, sa_flags=0x00000042
SIGHUP: [libjvm.dylib+0x3af4ef], sa_mask[0]=0xfffefeff, sa_flags=0x00000042
SIGINT: [libjvm.dylib+0x3af4ef], sa_mask[0]=0xfffefeff, sa_flags=0x00000042
SIGTERM: [libjvm.dylib+0x3af4ef], sa_mask[0]=0xfffefeff, sa_flags=0x00000042
SIGQUIT: [libjvm.dylib+0x3af4ef], sa_mask[0]=0xfffefeff, sa_flags=0x00000042


---------------  S Y S T E M  ---------------

OS:Bsd
uname:Darwin 12.2.0 Darwin Kernel Version 12.2.0: Sat Aug 25 00:48:52 PDT 2012; root:xnu-2050.18.24~1/RELEASE_X86_64 x86_64
rlimit: STACK 8192k, CORE 0k, NPROC 709, NOFILE 10240
CPU:total 4 (4 cores per cpu, 1 threads per core) family 6 model 42 stepping 7, cmov, cx8, fxsr, mmx, sse, sse2, sse3, ssse3, sse4.1, sse4.2, popcnt, avx, tsc, tscinvbit

Memory: 4k page, physical 5560100k(1390025k free)

/proc/meminfo:


vm_info: Java HotSpot(TM) 64-Bit Server VM (23.1-b03) for bsd-amd64 JRE (1.7.0_05-b05), built on May 17 2012 19:38:23 by "java_re" with gcc 4.2.1 (Based on Apple Inc. build 5658) (LLVM build 2336.1.00)

time: Mon Oct  1 11:13:47 2012
elapsed time: 321 seconds

